This is pdfTeX, Version 3.1415926-2.5-1.40.14 (MiKTeX 2.9) (preloaded format=pdflatex 2014.11.19)  20 NOV 2014 17:23
entering extended mode
**12BT05ECEO86.tex
("C:\Users\Shishir\Desktop\dm project\12BT05ECEO86.tex"
LaTeX2e <2011/06/27>
Babel <v3.8m> and hyphenation patterns for english, afrikaans, ancientgreek, ar
abic, armenian, assamese, basque, bengali, bokmal, bulgarian, catalan, coptic, 
croatian, czech, danish, dutch, esperanto, estonian, farsi, finnish, french, ga
lician, german, german-x-2013-05-26, greek, gujarati, hindi, hungarian, iceland
ic, indonesian, interlingua, irish, italian, kannada, kurmanji, latin, latvian,
 lithuanian, malayalam, marathi, mongolian, mongolianlmc, monogreek, ngerman, n
german-x-2013-05-26, nynorsk, oriya, panjabi, pinyin, polish, portuguese, roman
ian, russian, sanskrit, serbian, slovak, slovenian, spanish, swedish, swissgerm
an, tamil, telugu, turkish, turkmen, ukenglish, ukrainian, uppersorbian, usengl
ishmax, welsh, loaded.
("C:\Program Files\MiKTeX 2.9\tex\latex\base\article.cls"
Document Class: article 2007/10/19 v1.4h Standard LaTeX document class
("C:\Program Files\MiKTeX 2.9\tex\latex\base\size11.clo"
File: size11.clo 2007/10/19 v1.4h Standard LaTeX file (size option)
)
\c@part=\count79
\c@section=\count80
\c@subsection=\count81
\c@subsubsection=\count82
\c@paragraph=\count83
\c@subparagraph=\count84
\c@figure=\count85
\c@table=\count86
\abovecaptionskip=\skip41
\belowcaptionskip=\skip42
\bibindent=\dimen102
)
("C:\Program Files\MiKTeX 2.9\tex\latex\graphics\graphicx.sty"
Package: graphicx 1999/02/16 v1.0f Enhanced LaTeX Graphics (DPC,SPQR)

("C:\Program Files\MiKTeX 2.9\tex\latex\graphics\keyval.sty"
Package: keyval 1999/03/16 v1.13 key=value parser (DPC)
\KV@toks@=\toks14
)
("C:\Program Files\MiKTeX 2.9\tex\latex\graphics\graphics.sty"
Package: graphics 2009/02/05 v1.0o Standard LaTeX Graphics (DPC,SPQR)

("C:\Program Files\MiKTeX 2.9\tex\latex\graphics\trig.sty"
Package: trig 1999/03/16 v1.09 sin cos tan (DPC)
)
("C:\Program Files\MiKTeX 2.9\tex\latex\00miktex\graphics.cfg"
File: graphics.cfg 2007/01/18 v1.5 graphics configuration of teTeX/TeXLive
)
Package graphics Info: Driver file: pdftex.def on input line 91.

("C:\Program Files\MiKTeX 2.9\tex\latex\pdftex-def\pdftex.def"
File: pdftex.def 2011/05/27 v0.06d Graphics/color for pdfTeX

("C:\Program Files\MiKTeX 2.9\tex\generic\oberdiek\infwarerr.sty"
Package: infwarerr 2010/04/08 v1.3 Providing info/warning/error messages (HO)
)
("C:\Program Files\MiKTeX 2.9\tex\generic\oberdiek\ltxcmds.sty"
Package: ltxcmds 2011/11/09 v1.22 LaTeX kernel commands for general use (HO)
)
\Gread@gobject=\count87
))
\Gin@req@height=\dimen103
\Gin@req@width=\dimen104
)
("C:\Users\Shishir\Desktop\dm project\caption.sty"
Package: caption 1995/04/05 v1.4b caption package (HS)

Package: caption v1.4b <1995/04/05> (Harald Sommerfeldt)
\captionmargin=\skip43
\as@captionbox=\box26
\as@captionwidth=\skip44
) ("C:\Users\Shishir\Desktop\dm project\xcolor.sty"
Package: xcolor 2004/07/04 v2.00 LaTeX color extensions (UK)

("C:\Program Files\MiKTeX 2.9\tex\latex\00miktex\color.cfg"
File: color.cfg 2007/01/18 v1.5 color configuration of teTeX/TeXLive
)
Package xcolor Info: Driver file: pdftex.def on input line 136.
Package xcolor Info: Color model `cmy' added on input line 972.
Package xcolor Info: Color model `hsb' added on input line 980.
Package xcolor Info: Color model `HTML' added on input line 1000.
Package xcolor Info: Color model `HSB' added on input line 1006.
Package xcolor Info: Color model `Gray' added on input line 1012.
)

LaTeX Warning: Unused global option(s):
    [amsmath,amssymb].

("C:\Users\Shishir\Desktop\dm project\12BT05ECEO86.aux")
LaTeX Font Info:    Checking defaults for OML/cmm/m/it on input line 20.
LaTeX Font Info:    ... okay on input line 20.
LaTeX Font Info:    Checking defaults for T1/cmr/m/n on input line 20.
LaTeX Font Info:    ... okay on input line 20.
LaTeX Font Info:    Checking defaults for OT1/cmr/m/n on input line 20.
LaTeX Font Info:    ... okay on input line 20.
LaTeX Font Info:    Checking defaults for OMS/cmsy/m/n on input line 20.
LaTeX Font Info:    ... okay on input line 20.
LaTeX Font Info:    Checking defaults for OMX/cmex/m/n on input line 20.
LaTeX Font Info:    ... okay on input line 20.
LaTeX Font Info:    Checking defaults for U/cmr/m/n on input line 20.
LaTeX Font Info:    ... okay on input line 20.

<vnitlogo.png, id=1, 137.7647pt x 144.54pt>
File: vnitlogo.png Graphic file (type png)
 <use vnitlogo.png>
Package pdftex.def Info: vnitlogo.png used on input line 25.
(pdftex.def)             Requested size: 94.91689pt x 99.58464pt.
LaTeX Font Info:    External font `cmex10' loaded for size
(Font)              <10.95> on input line 25.
LaTeX Font Info:    External font `cmex10' loaded for size
(Font)              <8> on input line 25.
LaTeX Font Info:    External font `cmex10' loaded for size
(Font)              <6> on input line 25.

Overfull \hbox (8.0pt too wide) in paragraph at lines 25--26
[] 
 []

<images/axitron.png, id=3, 656.4525pt x 259.7203pt>
File: images/axitron.png Graphic file (type png)
 <use images/axitron.png>
Package pdftex.def Info: images/axitron.png used on input line 38.
(pdftex.def)             Requested size: 426.79926pt x 227.6193pt.

[1

{C:/ProgramData/MiKTeX/2.9/pdftex/config/pdftex.map} <C:/Users/Shishir/Desktop/
dm project/vnitlogo.png> <C:/Users/Shishir/Desktop/dm project/images/axitron.pn
g>] <images/epitaxy.png, id=12, 258.9675pt x 195.73125pt>
File: images/epitaxy.png Graphic file (type png)

<use images/epitaxy.png>
Package pdftex.def Info: images/epitaxy.png used on input line 64.
(pdftex.def)             Requested size: 227.63127pt x 170.72682pt.

<images/deposition.png, id=13, 174.8934pt x 61.4295pt>
File: images/deposition.png Graphic file (type png)

<use images/deposition.png>
Package pdftex.def Info: images/deposition.png used on input line 77.
(pdftex.def)             Requested size: 398.37949pt x 142.28029pt.

<images/principles.png, id=14, 691.83469pt x 411.78844pt>
File: images/principles.png Graphic file (type png)

<use images/principles.png>
Package pdftex.def Info: images/principles.png used on input line 91.
(pdftex.def)             Requested size: 341.44052pt x 256.07275pt.
 [2 <C:/Users/Shishir/Desktop/dm project/images/epitaxy.png>] [3 <C:/Users/Shis
hir/Desktop/dm project/images/deposition.png> <C:/Users/Shishir/Desktop/dm proj
ect/images/principles.png (PNG copy)>]
<images/pyrolisis.png, id=26, 391.4625pt x 162.6075pt>
File: images/pyrolisis.png Graphic file (type png)

<use images/pyrolisis.png>
Package pdftex.def Info: images/pyrolisis.png used on input line 118.
(pdftex.def)             Requested size: 312.9972pt x 142.27376pt.

<images/reactor1.png, id=27, 391.4625pt x 142.28156pt>
File: images/reactor1.png Graphic file (type png)

<use images/reactor1.png>
Package pdftex.def Info: images/reactor1.png used on input line 138.
(pdftex.def)             Requested size: 426.81706pt x 284.58846pt.

<images/reactor2.png, id=28, 365.11406pt x 141.52875pt>
File: images/reactor2.png Graphic file (type png)

<use images/reactor2.png>
Package pdftex.def Info: images/reactor2.png used on input line 158.
(pdftex.def)             Requested size: 312.99472pt x 142.27559pt.
 [4 <C:/Users/Shishir/Desktop/dm project/images/pyrolisis.png>]

LaTeX Warning: `!h' float specifier changed to `!ht'.

[5 <C:/Users/Shishir/Desktop/dm project/images/reactor1.png>]
<images/trans.png, id=37, 419.31656pt x 402.75468pt>
File: images/trans.png Graphic file (type png)
 <use images/trans.png>
Package pdftex.def Info: images/trans.png used on input line 170.
(pdftex.def)             Requested size: 256.07063pt x 227.61827pt.

[6 <C:/Users/Shishir/Desktop/dm project/images/reactor2.png> <C:/Users/Shishir/
Desktop/dm project/images/trans.png>]
<images/GaAs.png, id=43, 226.59656pt x 91.84312pt>
File: images/GaAs.png Graphic file (type png)
 <use images/GaAs.png>
Package pdftex.def Info: images/GaAs.png used on input line 186.
(pdftex.def)             Requested size: 256.07532pt x 113.8184pt.

[7 <C:/Users/Shishir/Desktop/dm project/images/GaAs.png>]
("C:\Users\Shishir\Desktop\dm project\12BT05ECEO86.aux") ) 
Here is how much of TeX's memory you used:
 1281 strings out of 493921
 16477 string characters out of 3147275
 74116 words of memory out of 3000000
 4601 multiletter control sequences out of 15000+200000
 8244 words of font info for 29 fonts, out of 3000000 for 9000
 841 hyphenation exceptions out of 8191
 27i,10n,38p,498b,334s stack positions out of 5000i,500n,10000p,200000b,50000s
<C:/Program Files/MiK
TeX 2.9/fonts/type1/public/amsfonts/cm/cmbx10.pfb><C:/Program Files/MiKTeX 2.9/
fonts/type1/public/amsfonts/cm/cmbx12.pfb><C:/Program Files/MiKTeX 2.9/fonts/ty
pe1/public/amsfonts/cm/cmr10.pfb><C:/Program Files/MiKTeX 2.9/fonts/type1/publi
c/amsfonts/cm/cmr12.pfb><C:/Program Files/MiKTeX 2.9/fonts/type1/public/amsfont
s/cm/cmti12.pfb>
Output written on 12BT05ECEO86.pdf (7 pages, 1523730 bytes).
PDF statistics:
 66 PDF objects out of 1000 (max. 8388607)
 0 named destinations out of 1000 (max. 500000)
 51 words of extra memory for PDF output out of 10000 (max. 10000000)

